[debug] [2021-09-21T19:54:22.159Z] ----------------------------------------------------------------------
[debug] [2021-09-21T19:54:22.161Z] Command:       C:\Program Files\nodejs\node.exe C:\Users\ehidalgo\AppData\Roaming\npm\node_modules\firebase-tools\lib\bin\firebase.js deploy --only functions:scheduledAlert
[debug] [2021-09-21T19:54:22.161Z] CLI Version:   9.18.0
[debug] [2021-09-21T19:54:22.161Z] Platform:      win32
[debug] [2021-09-21T19:54:22.161Z] Node Version:  v16.4.2
[debug] [2021-09-21T19:54:22.169Z] Time:          Tue Sep 21 2021 14:54:22 GMT-0500 (Central Daylight Time)
[debug] [2021-09-21T19:54:22.169Z] ----------------------------------------------------------------------
[debug] 
[debug] [2021-09-21T19:54:22.170Z] >>> [apiv2][query] GET https://firebase-public.firebaseio.com/cli.json [none]
[debug] [2021-09-21T19:54:22.220Z] > command requires scopes: ["email","openid","https://www.googleapis.com/auth/cloudplatformprojects.readonly","https://www.googleapis.com/auth/firebase","https://www.googleapis.com/auth/cloud-platform"]
[debug] [2021-09-21T19:54:22.220Z] > authorizing via signed-in user (ehidalgo@seguridata.com)
[debug] [2021-09-21T19:54:22.220Z] [iam] checking project seguridata-in-a-box for permissions ["cloudfunctions.functions.create","cloudfunctions.functions.delete","cloudfunctions.functions.get","cloudfunctions.functions.list","cloudfunctions.functions.update","cloudfunctions.operations.get","firebase.projects.get"]
[debug] [2021-09-21T19:54:22.221Z] > refreshing access token with scopes: ["email","https://www.googleapis.com/auth/cloud-platform","https://www.googleapis.com/auth/cloudplatformprojects.readonly","https://www.googleapis.com/auth/firebase","openid"]
[debug] [2021-09-21T19:54:22.221Z] >>> HTTP REQUEST POST https://www.googleapis.com/oauth2/v3/token  
 <request body omitted>
[debug] [2021-09-21T19:54:22.463Z] <<< HTTP RESPONSE 200 {"expires":"Mon, 01 Jan 1990 00:00:00 GMT","pragma":"no-cache","cache-control":"no-cache, no-store, max-age=0, must-revalidate","date":"Tue, 21 Sep 2021 19:54:22 GMT","content-type":"application/json; charset=utf-8","vary":"X-Origin, Referer, Origin,Accept-Encoding","server":"scaffolding on HTTPServer2","x-xss-protection":"0","x-frame-options":"SAMEORIGIN","x-content-type-options":"nosniff","alt-svc":"h3=\":443\"; ma=2592000,h3-29=\":443\"; ma=2592000,h3-T051=\":443\"; ma=2592000,h3-Q050=\":443\"; ma=2592000,h3-Q046=\":443\"; ma=2592000,h3-Q043=\":443\"; ma=2592000,quic=\":443\"; ma=2592000; v=\"46,43\"","accept-ranges":"none","transfer-encoding":"chunked"}
[debug] [2021-09-21T19:54:22.474Z] >>> HTTP REQUEST POST https://cloudresourcemanager.googleapis.com/v1/projects/seguridata-in-a-box:testIamPermissions  
 {"permissions":["cloudfunctions.functions.create","cloudfunctions.functions.delete","cloudfunctions.functions.get","cloudfunctions.functions.list","cloudfunctions.functions.update","cloudfunctions.operations.get","firebase.projects.get"]}
[debug] [2021-09-21T19:54:22.564Z] <<< [apiv2][status] GET https://firebase-public.firebaseio.com/cli.json 200
[debug] [2021-09-21T19:54:22.564Z] <<< [apiv2][body] GET https://firebase-public.firebaseio.com/cli.json {"cloudBuildErrorAfter":1594252800000,"cloudBuildWarnAfter":1590019200000,"defaultNode10After":1594252800000,"minVersion":"3.0.5","node8DeploysDisabledAfter":1613390400000,"node8RuntimeDisabledAfter":1615809600000,"node8WarnAfter":1600128000000}
[debug] [2021-09-21T19:54:22.912Z] <<< HTTP RESPONSE 200 {"content-type":"application/json; charset=UTF-8","vary":"X-Origin, Referer, Origin,Accept-Encoding","date":"Tue, 21 Sep 2021 19:54:22 GMT","server":"ESF","cache-control":"private","x-xss-protection":"0","x-frame-options":"SAMEORIGIN","x-content-type-options":"nosniff","server-timing":"gfet4t7; dur=222","alt-svc":"h3=\":443\"; ma=2592000,h3-29=\":443\"; ma=2592000,h3-T051=\":443\"; ma=2592000,h3-Q050=\":443\"; ma=2592000,h3-Q046=\":443\"; ma=2592000,h3-Q043=\":443\"; ma=2592000,quic=\":443\"; ma=2592000; v=\"46,43\"","accept-ranges":"none","transfer-encoding":"chunked"}
[debug] [2021-09-21T19:54:22.914Z] >>> HTTP REQUEST POST https://iam.googleapis.com/v1/projects/seguridata-in-a-box/serviceAccounts/seguridata-in-a-box@appspot.gserviceaccount.com:testIamPermissions  
 {"permissions":["iam.serviceAccounts.actAs"]}
[debug] [2021-09-21T19:54:23.357Z] <<< HTTP RESPONSE 200 {"content-type":"application/json; charset=UTF-8","vary":"X-Origin, Referer, Origin,Accept-Encoding","date":"Tue, 21 Sep 2021 19:54:23 GMT","server":"ESF","cache-control":"private","x-xss-protection":"0","x-frame-options":"SAMEORIGIN","x-content-type-options":"nosniff","alt-svc":"h3=\":443\"; ma=2592000,h3-29=\":443\"; ma=2592000,h3-T051=\":443\"; ma=2592000,h3-Q050=\":443\"; ma=2592000,h3-Q046=\":443\"; ma=2592000,h3-Q043=\":443\"; ma=2592000,quic=\":443\"; ma=2592000; v=\"46,43\"","accept-ranges":"none","transfer-encoding":"chunked"}
[info] 
[info] === Deploying to 'seguridata-in-a-box'...
[info] 
[info] i  deploying functions 
[info] +  functions: Finished running predeploy script. 
[debug] [2021-09-21T19:54:23.369Z] Validating nodejs source
[warn] !  functions: package.json indicates an outdated version of firebase-functions.
Please upgrade using npm install --save firebase-functions@latest in your functions directory. 
[debug] [2021-09-21T19:54:25.517Z] > [functions] package.json contents: {
  "name": "functions",
  "description": "Cloud Functions for Firebase",
  "scripts": {
    "lint": "eslint .",
    "serve": "firebase emulators:start --only functions",
    "shell": "firebase functions:shell",
    "start": "npm run shell",
    "deploy": "firebase deploy --only functions",
    "logs": "firebase functions:log"
  },
  "engines": {
    "node": "10"
  },
  "main": "index.js",
  "dependencies": {
    "@sendgrid/mail": "^7.4.6",
    "firebase-admin": "^9.11.1",
    "firebase-functions": "^3.15.5"
  },
  "devDependencies": {
    "@babel/eslint-parser": "^7.15.4",
    "eslint": "^7.6.0",
    "eslint-config-google": "^0.14.0",
    "firebase-functions-test": "^0.2.0"
  },
  "private": true,
  "ecmaVersion": 8
}
[debug] [2021-09-21T19:54:25.517Z] Building nodejs source
[info] i  functions: ensuring required API cloudfunctions.googleapis.com is enabled... 
[info] i  functions: ensuring required API cloudbuild.googleapis.com is enabled... 
[debug] [2021-09-21T19:54:25.520Z] >>> HTTP REQUEST GET https://serviceusage.googleapis.com/v1/projects/seguridata-in-a-box/services/cloudfunctions.googleapis.com  
 
[debug] [2021-09-21T19:54:25.520Z] >>> HTTP REQUEST GET https://serviceusage.googleapis.com/v1/projects/seguridata-in-a-box/services/runtimeconfig.googleapis.com  
 
[debug] [2021-09-21T19:54:25.520Z] >>> HTTP REQUEST GET https://serviceusage.googleapis.com/v1/projects/seguridata-in-a-box/services/cloudbuild.googleapis.com  
 
[debug] [2021-09-21T19:54:26.035Z] <<< HTTP RESPONSE 200 {"content-type":"application/json; charset=UTF-8","vary":"X-Origin, Referer, Origin,Accept-Encoding","date":"Tue, 21 Sep 2021 19:54:26 GMT","server":"ESF","cache-control":"private","x-xss-protection":"0","x-frame-options":"SAMEORIGIN","x-content-type-options":"nosniff","alt-svc":"h3=\":443\"; ma=2592000,h3-29=\":443\"; ma=2592000,h3-T051=\":443\"; ma=2592000,h3-Q050=\":443\"; ma=2592000,h3-Q046=\":443\"; ma=2592000,h3-Q043=\":443\"; ma=2592000,quic=\":443\"; ma=2592000; v=\"46,43\"","accept-ranges":"none","transfer-encoding":"chunked"}
[debug] [2021-09-21T19:54:26.122Z] <<< HTTP RESPONSE 200 {"content-type":"application/json; charset=UTF-8","vary":"X-Origin, Referer, Origin,Accept-Encoding","date":"Tue, 21 Sep 2021 19:54:26 GMT","server":"ESF","cache-control":"private","x-xss-protection":"0","x-frame-options":"SAMEORIGIN","x-content-type-options":"nosniff","alt-svc":"h3=\":443\"; ma=2592000,h3-29=\":443\"; ma=2592000,h3-T051=\":443\"; ma=2592000,h3-Q050=\":443\"; ma=2592000,h3-Q046=\":443\"; ma=2592000,h3-Q043=\":443\"; ma=2592000,quic=\":443\"; ma=2592000; v=\"46,43\"","accept-ranges":"none","transfer-encoding":"chunked"}
[info] +  functions: required API cloudbuild.googleapis.com is enabled 
[debug] [2021-09-21T19:54:26.127Z] <<< HTTP RESPONSE 200 {"content-type":"application/json; charset=UTF-8","vary":"X-Origin, Referer, Origin,Accept-Encoding","date":"Tue, 21 Sep 2021 19:54:26 GMT","server":"ESF","cache-control":"private","x-xss-protection":"0","x-frame-options":"SAMEORIGIN","x-content-type-options":"nosniff","alt-svc":"h3=\":443\"; ma=2592000,h3-29=\":443\"; ma=2592000,h3-T051=\":443\"; ma=2592000,h3-Q050=\":443\"; ma=2592000,h3-Q046=\":443\"; ma=2592000,h3-Q043=\":443\"; ma=2592000,quic=\":443\"; ma=2592000; v=\"46,43\"","accept-ranges":"none","transfer-encoding":"chunked"}
[info] +  functions: required API cloudfunctions.googleapis.com is enabled 
[debug] [2021-09-21T19:54:26.128Z] >>> HTTP REQUEST GET https://firebase.googleapis.com/v1beta1/projects/seguridata-in-a-box/adminSdkConfig  
 
[debug] [2021-09-21T19:54:26.418Z] <<< HTTP RESPONSE 200 {"content-type":"application/json; charset=UTF-8","vary":"X-Origin, Referer, Origin,Accept-Encoding","date":"Tue, 21 Sep 2021 19:54:26 GMT","server":"ESF","cache-control":"private","x-xss-protection":"0","x-frame-options":"SAMEORIGIN","x-content-type-options":"nosniff","alt-svc":"h3=\":443\"; ma=2592000,h3-29=\":443\"; ma=2592000,h3-T051=\":443\"; ma=2592000,h3-Q050=\":443\"; ma=2592000,h3-Q046=\":443\"; ma=2592000,h3-Q043=\":443\"; ma=2592000,quic=\":443\"; ma=2592000; v=\"46,43\"","accept-ranges":"none","transfer-encoding":"chunked"}
[debug] [2021-09-21T19:54:26.419Z] >>> HTTP REQUEST GET https://runtimeconfig.googleapis.com/v1beta1/projects/seguridata-in-a-box/configs  
 
[debug] [2021-09-21T19:54:26.809Z] <<< HTTP RESPONSE 200 {"content-type":"application/json; charset=UTF-8","vary":"X-Origin, Referer, Origin,Accept-Encoding","date":"Tue, 21 Sep 2021 19:54:26 GMT","server":"ESF","cache-control":"private","x-xss-protection":"0","x-frame-options":"SAMEORIGIN","x-content-type-options":"nosniff","alt-svc":"h3=\":443\"; ma=2592000,h3-29=\":443\"; ma=2592000,h3-T051=\":443\"; ma=2592000,h3-Q050=\":443\"; ma=2592000,h3-Q046=\":443\"; ma=2592000,h3-Q043=\":443\"; ma=2592000,quic=\":443\"; ma=2592000; v=\"46,43\"","accept-ranges":"none","transfer-encoding":"chunked"}
[debug] [2021-09-21T19:54:26.811Z] >>> HTTP REQUEST GET https://runtimeconfig.googleapis.com/v1beta1/projects/seguridata-in-a-box/configs/sendgrid/variables  
 
[debug] [2021-09-21T19:54:27.053Z] <<< HTTP RESPONSE 200 {"content-type":"application/json; charset=UTF-8","vary":"X-Origin, Referer, Origin,Accept-Encoding","date":"Tue, 21 Sep 2021 19:54:27 GMT","server":"ESF","cache-control":"private","x-xss-protection":"0","x-frame-options":"SAMEORIGIN","x-content-type-options":"nosniff","alt-svc":"h3=\":443\"; ma=2592000,h3-29=\":443\"; ma=2592000,h3-T051=\":443\"; ma=2592000,h3-Q050=\":443\"; ma=2592000,h3-Q046=\":443\"; ma=2592000,h3-Q043=\":443\"; ma=2592000,quic=\":443\"; ma=2592000; v=\"46,43\"","accept-ranges":"none","transfer-encoding":"chunked"}
[debug] [2021-09-21T19:54:27.054Z] >>> HTTP REQUEST GET https://runtimeconfig.googleapis.com/v1beta1/projects/seguridata-in-a-box/configs/sendgrid/variables/key  
 
[debug] [2021-09-21T19:54:27.055Z] >>> HTTP REQUEST GET https://runtimeconfig.googleapis.com/v1beta1/projects/seguridata-in-a-box/configs/sendgrid/variables/template  
 
[debug] [2021-09-21T19:54:27.302Z] <<< HTTP RESPONSE 200 {"content-type":"application/json; charset=UTF-8","vary":"X-Origin, Referer, Origin,Accept-Encoding","date":"Tue, 21 Sep 2021 19:54:27 GMT","server":"ESF","cache-control":"private","x-xss-protection":"0","x-frame-options":"SAMEORIGIN","x-content-type-options":"nosniff","alt-svc":"h3=\":443\"; ma=2592000,h3-29=\":443\"; ma=2592000,h3-T051=\":443\"; ma=2592000,h3-Q050=\":443\"; ma=2592000,h3-Q046=\":443\"; ma=2592000,h3-Q043=\":443\"; ma=2592000,quic=\":443\"; ma=2592000; v=\"46,43\"","accept-ranges":"none","transfer-encoding":"chunked"}
[debug] [2021-09-21T19:54:27.326Z] <<< HTTP RESPONSE 200 {"content-type":"application/json; charset=UTF-8","vary":"X-Origin, Referer, Origin,Accept-Encoding","date":"Tue, 21 Sep 2021 19:54:27 GMT","server":"ESF","cache-control":"private","x-xss-protection":"0","x-frame-options":"SAMEORIGIN","x-content-type-options":"nosniff","alt-svc":"h3=\":443\"; ma=2592000,h3-29=\":443\"; ma=2592000,h3-T051=\":443\"; ma=2592000,h3-Q050=\":443\"; ma=2592000,h3-Q046=\":443\"; ma=2592000,h3-Q043=\":443\"; ma=2592000,quic=\":443\"; ma=2592000; v=\"46,43\"","accept-ranges":"none","transfer-encoding":"chunked"}
[debug] [2021-09-21T19:54:27.330Z] Analyzing nodejs backend spec
[info] i  functions: preparing functions directory for uploading... 
[info] i  functions: packaged functions (81.08 KB) for uploading 
[info] i  pubsub: ensuring required API pubsub.googleapis.com is enabled... 
[info] i  scheduler: ensuring required API cloudscheduler.googleapis.com is enabled... 
[debug] [2021-09-21T19:54:27.551Z] >>> HTTP REQUEST GET https://serviceusage.googleapis.com/v1/projects/seguridata-in-a-box/services/pubsub.googleapis.com  
 
[debug] [2021-09-21T19:54:27.552Z] >>> HTTP REQUEST GET https://serviceusage.googleapis.com/v1/projects/seguridata-in-a-box/services/cloudscheduler.googleapis.com  
 
[debug] [2021-09-21T19:54:27.552Z] >>> HTTP REQUEST GET https://cloudfunctions.googleapis.com/v1/projects/seguridata-in-a-box/locations/-/functions  
 
[debug] [2021-09-21T19:54:28.001Z] <<< HTTP RESPONSE 200 {"content-type":"application/json; charset=UTF-8","vary":"X-Origin, Referer, Origin,Accept-Encoding","date":"Tue, 21 Sep 2021 19:54:28 GMT","server":"ESF","cache-control":"private","x-xss-protection":"0","x-frame-options":"SAMEORIGIN","x-content-type-options":"nosniff","alt-svc":"h3=\":443\"; ma=2592000,h3-29=\":443\"; ma=2592000,h3-T051=\":443\"; ma=2592000,h3-Q050=\":443\"; ma=2592000,h3-Q046=\":443\"; ma=2592000,h3-Q043=\":443\"; ma=2592000,quic=\":443\"; ma=2592000; v=\"46,43\"","accept-ranges":"none","transfer-encoding":"chunked"}
[info] +  scheduler: required API cloudscheduler.googleapis.com is enabled 
[debug] [2021-09-21T19:54:28.089Z] <<< HTTP RESPONSE 200 {"content-type":"application/json; charset=UTF-8","vary":"X-Origin, Referer, Origin,Accept-Encoding","date":"Tue, 21 Sep 2021 19:54:28 GMT","server":"ESF","cache-control":"private","x-xss-protection":"0","x-frame-options":"SAMEORIGIN","x-content-type-options":"nosniff","alt-svc":"h3=\":443\"; ma=2592000,h3-29=\":443\"; ma=2592000,h3-T051=\":443\"; ma=2592000,h3-Q050=\":443\"; ma=2592000,h3-Q046=\":443\"; ma=2592000,h3-Q043=\":443\"; ma=2592000,quic=\":443\"; ma=2592000; v=\"46,43\"","accept-ranges":"none","transfer-encoding":"chunked"}
[info] +  pubsub: required API pubsub.googleapis.com is enabled 
[debug] [2021-09-21T19:54:28.167Z] <<< HTTP RESPONSE 200 {"content-type":"application/json; charset=UTF-8","vary":"X-Origin, Referer, Origin,Accept-Encoding","date":"Tue, 21 Sep 2021 19:54:28 GMT","server":"ESF","cache-control":"private","x-xss-protection":"0","x-frame-options":"SAMEORIGIN","x-content-type-options":"nosniff","alt-svc":"h3=\":443\"; ma=2592000,h3-29=\":443\"; ma=2592000,h3-T051=\":443\"; ma=2592000,h3-Q050=\":443\"; ma=2592000,h3-Q046=\":443\"; ma=2592000,h3-Q043=\":443\"; ma=2592000,quic=\":443\"; ma=2592000; v=\"46,43\"","accept-ranges":"none","transfer-encoding":"chunked"}
[debug] [2021-09-21T19:54:28.171Z] >>> HTTP REQUEST POST https://cloudfunctions.googleapis.com/v1/projects/seguridata-in-a-box/locations/us-central1/functions:generateUploadUrl  
 
[debug] [2021-09-21T19:54:28.806Z] <<< HTTP RESPONSE 200 {"content-type":"application/json; charset=UTF-8","vary":"X-Origin, Referer, Origin,Accept-Encoding","date":"Tue, 21 Sep 2021 19:54:28 GMT","server":"ESF","cache-control":"private","x-xss-protection":"0","x-frame-options":"SAMEORIGIN","x-content-type-options":"nosniff","alt-svc":"h3=\":443\"; ma=2592000,h3-29=\":443\"; ma=2592000,h3-T051=\":443\"; ma=2592000,h3-Q050=\":443\"; ma=2592000,h3-Q046=\":443\"; ma=2592000,h3-Q043=\":443\"; ma=2592000,quic=\":443\"; ma=2592000; v=\"46,43\"","accept-ranges":"none","transfer-encoding":"chunked"}
[debug] [2021-09-21T19:54:28.807Z] >>> HTTP REQUEST PUT https://storage.googleapis.com/gcf-upload-us-central1-1448505b-95ce-48d9-8dd6-25e47d35c492/bf0dea97-a918-4824-8274-5843b2b487e4.zip?GoogleAccessId=service-1038660139301@gcf-admin-robot.iam.gserviceaccount.com&Expires=1632255868&Signature=CzHfVRRVd76ZiiuM9Ht6aPaTwOlSAOsSIRije9T6NtaSwjHXo4QTDPrehjwcKc5HNK9dl3Sz7cfvrDV9wfxQpW2bNtIqmxCjZF73IV2kZE4ebsYu0Q0TGCr3voGzwrAL1sR2dGD6YFWUjUQl8JEjNh8k4RWCTt8T3CHMDmYFhK7e9PKHG%2BTvcZZ1Mbd3MbxVtRltxLZIudaUNijglw%2FXaXphiGZNDrOuj90MRkgc2yiWORE1c6dCqvAda8yTxTAy4M05IUzYcE0CcDYEGyIum9SkKzFxDaEvGPxYxrsaJSyHTnIkEo5Pf19Rx%2FmvvXHJPhBYlZUCa93zAXO9JItY5A%3D%3D  
 <request body omitted>
[debug] [2021-09-21T19:54:29.357Z] <<< HTTP RESPONSE 200 {"x-guploader-uploadid":"ADPycdt7IewPtUu1oQXeFj37BCzZ2UqmP_nL-1Ms7Shf76LHuSPjiPlP1pbcMgTNGT5tk2qwhKs6iKxwVZdqMzbWwQmO0hiiMA","etag":"\"393742a26485411dadd9dd34bdf63935\"","x-goog-generation":"1632254069331392","x-goog-metageneration":"1","x-goog-hash":"crc32c=L2PifA==, md5=OTdComSFQR2t2d00vfY5NQ==","x-goog-stored-content-length":"83031","x-goog-stored-content-encoding":"identity","vary":"Origin","content-length":"0","date":"Tue, 21 Sep 2021 19:54:29 GMT","server":"UploadServer","content-type":"text/html; charset=UTF-8","alt-svc":"h3=\":443\"; ma=2592000,h3-29=\":443\"; ma=2592000,h3-T051=\":443\"; ma=2592000,h3-Q050=\":443\"; ma=2592000,h3-Q046=\":443\"; ma=2592000,h3-Q043=\":443\"; ma=2592000,quic=\":443\"; ma=2592000; v=\"46,43\""}
[info] +  functions: functions folder uploaded successfully 
[info] i  functions: updating Node.js 10 function scheduledAlert(us-central1)... 
[debug] [2021-09-21T19:54:29.366Z] >>> HTTP REQUEST GET https://cloudscheduler.googleapis.com/v1beta1/projects/seguridata-in-a-box/locations/us-central1/jobs/firebase-schedule-scheduledAlert-us-central1  
 
[debug] [2021-09-21T19:54:29.367Z] >>> HTTP REQUEST PATCH https://cloudfunctions.googleapis.com/v1/projects/seguridata-in-a-box/locations/us-central1/functions/scheduledAlert {"updateMask":"name,sourceUploadUrl,entryPoint,runtime,eventTrigger.eventType,eventTrigger.resource,eventTrigger.failurePolicy,labels,environmentVariables"} 
 {"name":"projects/seguridata-in-a-box/locations/us-central1/functions/scheduledAlert","sourceUploadUrl":"https://storage.googleapis.com/gcf-upload-us-central1-1448505b-95ce-48d9-8dd6-25e47d35c492/bf0dea97-a918-4824-8274-5843b2b487e4.zip?GoogleAccessId=service-1038660139301@gcf-admin-robot.iam.gserviceaccount.com&Expires=1632255868&Signature=CzHfVRRVd76ZiiuM9Ht6aPaTwOlSAOsSIRije9T6NtaSwjHXo4QTDPrehjwcKc5HNK9dl3Sz7cfvrDV9wfxQpW2bNtIqmxCjZF73IV2kZE4ebsYu0Q0TGCr3voGzwrAL1sR2dGD6YFWUjUQl8JEjNh8k4RWCTt8T3CHMDmYFhK7e9PKHG%2BTvcZZ1Mbd3MbxVtRltxLZIudaUNijglw%2FXaXphiGZNDrOuj90MRkgc2yiWORE1c6dCqvAda8yTxTAy4M05IUzYcE0CcDYEGyIum9SkKzFxDaEvGPxYxrsaJSyHTnIkEo5Pf19Rx%2FmvvXHJPhBYlZUCa93zAXO9JItY5A%3D%3D","entryPoint":"scheduledAlert","runtime":"nodejs10","eventTrigger":{"eventType":"google.pubsub.topic.publish","resource":"projects/seguridata-in-a-box/topics/firebase-schedule-scheduledAlert-us-central1"},"labels":{"deployment-scheduled":"true","deployment-tool":"cli-firebase"},"environmentVariables":{"FIREBASE_CONFIG":"{\"projectId\":\"seguridata-in-a-box\",\"databaseURL\":\"https://seguridata-in-a-box-default-rtdb.firebaseio.com\",\"storageBucket\":\"seguridata-in-a-box.appspot.com\",\"locationId\":\"us-central\"}","GCLOUD_PROJECT":"seguridata-in-a-box"}}
[debug] [2021-09-21T19:54:29.648Z] <<< HTTP RESPONSE 200 {"content-type":"application/json; charset=UTF-8","vary":"X-Origin, Referer, Origin,Accept-Encoding","date":"Tue, 21 Sep 2021 19:54:29 GMT","server":"ESF","cache-control":"private","x-xss-protection":"0","x-frame-options":"SAMEORIGIN","x-content-type-options":"nosniff","alt-svc":"h3=\":443\"; ma=2592000,h3-29=\":443\"; ma=2592000,h3-T051=\":443\"; ma=2592000,h3-Q050=\":443\"; ma=2592000,h3-Q046=\":443\"; ma=2592000,h3-Q043=\":443\"; ma=2592000,quic=\":443\"; ma=2592000; v=\"46,43\"","accept-ranges":"none","transfer-encoding":"chunked"}
[debug] [2021-09-21T19:54:29.651Z] scheduler job firebase-schedule-scheduledAlert-us-central1 is up to date, no changes required
[info] +  functions[scheduledAlert(us-central1)]: Successful upsert schedule operation.  
[debug] [2021-09-21T19:54:29.865Z] <<< HTTP RESPONSE 200 {"content-type":"application/json; charset=UTF-8","vary":"X-Origin, Referer, Origin,Accept-Encoding","date":"Tue, 21 Sep 2021 19:54:29 GMT","server":"ESF","cache-control":"private","x-xss-protection":"0","x-frame-options":"SAMEORIGIN","x-content-type-options":"nosniff","alt-svc":"h3=\":443\"; ma=2592000,h3-29=\":443\"; ma=2592000,h3-T051=\":443\"; ma=2592000,h3-Q050=\":443\"; ma=2592000,h3-Q046=\":443\"; ma=2592000,h3-Q043=\":443\"; ma=2592000,quic=\":443\"; ma=2592000; v=\"46,43\"","accept-ranges":"none","transfer-encoding":"chunked"}
[debug] [2021-09-21T19:54:29.866Z] > refreshing access token with scopes: []
[debug] [2021-09-21T19:54:29.867Z] >>> HTTP REQUEST POST https://www.googleapis.com/oauth2/v3/token  
 <request body omitted>
[debug] [2021-09-21T19:54:30.086Z] <<< HTTP RESPONSE 200 {"expires":"Mon, 01 Jan 1990 00:00:00 GMT","date":"Tue, 21 Sep 2021 19:54:30 GMT","cache-control":"no-cache, no-store, max-age=0, must-revalidate","pragma":"no-cache","content-type":"application/json; charset=utf-8","vary":"X-Origin, Referer, Origin,Accept-Encoding","server":"scaffolding on HTTPServer2","x-xss-protection":"0","x-frame-options":"SAMEORIGIN","x-content-type-options":"nosniff","alt-svc":"h3=\":443\"; ma=2592000,h3-29=\":443\"; ma=2592000,h3-T051=\":443\"; ma=2592000,h3-Q050=\":443\"; ma=2592000,h3-Q046=\":443\"; ma=2592000,h3-Q043=\":443\"; ma=2592000,quic=\":443\"; ma=2592000; v=\"46,43\"","accept-ranges":"none","transfer-encoding":"chunked"}
[debug] [2021-09-21T19:54:30.099Z] >>> [apiv2][query] GET https://cloudfunctions.googleapis.com/v1/operations/c2VndXJpZGF0YS1pbi1hLWJveC91cy1jZW50cmFsMS9zY2hlZHVsZWRBbGVydC82ZW9WWjBoSVV4MA [none]
[debug] [2021-09-21T19:54:30.369Z] <<< [apiv2][status] GET https://cloudfunctions.googleapis.com/v1/operations/c2VndXJpZGF0YS1pbi1hLWJveC91cy1jZW50cmFsMS9zY2hlZHVsZWRBbGVydC82ZW9WWjBoSVV4MA 200
[debug] [2021-09-21T19:54:30.369Z] <<< [apiv2][body] GET https://cloudfunctions.googleapis.com/v1/operations/c2VndXJpZGF0YS1pbi1hLWJveC91cy1jZW50cmFsMS9zY2hlZHVsZWRBbGVydC82ZW9WWjBoSVV4MA {"name":"operations/c2VndXJpZGF0YS1pbi1hLWJveC91cy1jZW50cmFsMS9zY2hlZHVsZWRBbGVydC82ZW9WWjBoSVV4MA","metadata":{"@type":"type.googleapis.com/google.cloud.functions.v1.OperationMetadataV1","target":"projects/seguridata-in-a-box/locations/us-central1/functions/scheduledAlert","type":"UPDATE_FUNCTION","request":{"@type":"type.googleapis.com/google.cloud.functions.v1.CloudFunction","name":"projects/seguridata-in-a-box/locations/us-central1/functions/scheduledAlert","eventTrigger":{"eventType":"google.pubsub.topic.publish","resource":"projects/seguridata-in-a-box/topics/firebase-schedule-scheduledAlert-us-central1","service":"pubsub.googleapis.com"},"status":"ACTIVE","entryPoint":"scheduledAlert","timeout":"60s","availableMemoryMb":256,"serviceAccountEmail":"seguridata-in-a-box@appspot.gserviceaccount.com","updateTime":"2021-09-20T16:04:03.731Z","versionId":"3","labels":{"deployment-scheduled":"true","deployment-tool":"cli-firebase"},"sourceUploadUrl":"https://storage.googleapis.com/gcf-upload-us-central1-1448505b-95ce-48d9-8dd6-25e47d35c492/bf0dea97-a918-4824-8274-5843b2b487e4.zip?GoogleAccessId=service-1038660139301@gcf-admin-robot.iam.gserviceaccount.com&Expires=1632255868&Signature=CzHfVRRVd76ZiiuM9Ht6aPaTwOlSAOsSIRije9T6NtaSwjHXo4QTDPrehjwcKc5HNK9dl3Sz7cfvrDV9wfxQpW2bNtIqmxCjZF73IV2kZE4ebsYu0Q0TGCr3voGzwrAL1sR2dGD6YFWUjUQl8JEjNh8k4RWCTt8T3CHMDmYFhK7e9PKHG%2BTvcZZ1Mbd3MbxVtRltxLZIudaUNijglw%2FXaXphiGZNDrOuj90MRkgc2yiWORE1c6dCqvAda8yTxTAy4M05IUzYcE0CcDYEGyIum9SkKzFxDaEvGPxYxrsaJSyHTnIkEo5Pf19Rx%2FmvvXHJPhBYlZUCa93zAXO9JItY5A%3D%3D","environmentVariables":{"FIREBASE_CONFIG":"{\"projectId\":\"seguridata-in-a-box\",\"databaseURL\":\"https://seguridata-in-a-box-default-rtdb.firebaseio.com\",\"storageBucket\":\"seguridata-in-a-box.appspot.com\",\"locationId\":\"us-central\"}","GCLOUD_PROJECT":"seguridata-in-a-box"},"runtime":"nodejs10","ingressSettings":"ALLOW_ALL","buildId":"256a871d-35c1-4b57-a590-d166c4d20987","buildName":"projects/1038660139301/locations/us-central1/builds/256a871d-35c1-4b57-a590-d166c4d20987"},"versionId":"4","updateTime":"2021-09-21T19:54:30Z","buildName":"projects/1038660139301/locations/us-central1/builds/256a871d-35c1-4b57-a590-d166c4d20987"}}
[debug] [2021-09-21T19:54:30.883Z] [update-projects/seguridata-in-a-box/locations/us-central1/functions/scheduledAlert] Retrying task index 0
[debug] [2021-09-21T19:54:30.884Z] >>> [apiv2][query] GET https://cloudfunctions.googleapis.com/v1/operations/c2VndXJpZGF0YS1pbi1hLWJveC91cy1jZW50cmFsMS9zY2hlZHVsZWRBbGVydC82ZW9WWjBoSVV4MA [none]
[debug] [2021-09-21T19:54:31.117Z] <<< [apiv2][status] GET https://cloudfunctions.googleapis.com/v1/operations/c2VndXJpZGF0YS1pbi1hLWJveC91cy1jZW50cmFsMS9zY2hlZHVsZWRBbGVydC82ZW9WWjBoSVV4MA 200
[debug] [2021-09-21T19:54:31.117Z] <<< [apiv2][body] GET https://cloudfunctions.googleapis.com/v1/operations/c2VndXJpZGF0YS1pbi1hLWJveC91cy1jZW50cmFsMS9zY2hlZHVsZWRBbGVydC82ZW9WWjBoSVV4MA {"name":"operations/c2VndXJpZGF0YS1pbi1hLWJveC91cy1jZW50cmFsMS9zY2hlZHVsZWRBbGVydC82ZW9WWjBoSVV4MA","metadata":{"@type":"type.googleapis.com/google.cloud.functions.v1.OperationMetadataV1","target":"projects/seguridata-in-a-box/locations/us-central1/functions/scheduledAlert","type":"UPDATE_FUNCTION","request":{"@type":"type.googleapis.com/google.cloud.functions.v1.CloudFunction","name":"projects/seguridata-in-a-box/locations/us-central1/functions/scheduledAlert","eventTrigger":{"eventType":"google.pubsub.topic.publish","resource":"projects/seguridata-in-a-box/topics/firebase-schedule-scheduledAlert-us-central1","service":"pubsub.googleapis.com"},"status":"ACTIVE","entryPoint":"scheduledAlert","timeout":"60s","availableMemoryMb":256,"serviceAccountEmail":"seguridata-in-a-box@appspot.gserviceaccount.com","updateTime":"2021-09-20T16:04:03.731Z","versionId":"3","labels":{"deployment-scheduled":"true","deployment-tool":"cli-firebase"},"sourceUploadUrl":"https://storage.googleapis.com/gcf-upload-us-central1-1448505b-95ce-48d9-8dd6-25e47d35c492/bf0dea97-a918-4824-8274-5843b2b487e4.zip?GoogleAccessId=service-1038660139301@gcf-admin-robot.iam.gserviceaccount.com&Expires=1632255868&Signature=CzHfVRRVd76ZiiuM9Ht6aPaTwOlSAOsSIRije9T6NtaSwjHXo4QTDPrehjwcKc5HNK9dl3Sz7cfvrDV9wfxQpW2bNtIqmxCjZF73IV2kZE4ebsYu0Q0TGCr3voGzwrAL1sR2dGD6YFWUjUQl8JEjNh8k4RWCTt8T3CHMDmYFhK7e9PKHG%2BTvcZZ1Mbd3MbxVtRltxLZIudaUNijglw%2FXaXphiGZNDrOuj90MRkgc2yiWORE1c6dCqvAda8yTxTAy4M05IUzYcE0CcDYEGyIum9SkKzFxDaEvGPxYxrsaJSyHTnIkEo5Pf19Rx%2FmvvXHJPhBYlZUCa93zAXO9JItY5A%3D%3D","environmentVariables":{"FIREBASE_CONFIG":"{\"projectId\":\"seguridata-in-a-box\",\"databaseURL\":\"https://seguridata-in-a-box-default-rtdb.firebaseio.com\",\"storageBucket\":\"seguridata-in-a-box.appspot.com\",\"locationId\":\"us-central\"}","GCLOUD_PROJECT":"seguridata-in-a-box"},"runtime":"nodejs10","ingressSettings":"ALLOW_ALL","buildId":"256a871d-35c1-4b57-a590-d166c4d20987","buildName":"projects/1038660139301/locations/us-central1/builds/256a871d-35c1-4b57-a590-d166c4d20987"},"versionId":"4","updateTime":"2021-09-21T19:54:30Z","buildId":"c53066cf-e019-437c-ad59-c2ee75567877","buildName":"projects/1038660139301/locations/us-central1/builds/c53066cf-e019-437c-ad59-c2ee75567877"}}
[debug] [2021-09-21T19:54:32.122Z] [update-projects/seguridata-in-a-box/locations/us-central1/functions/scheduledAlert] Retrying task index 0
[debug] [2021-09-21T19:54:32.123Z] >>> [apiv2][query] GET https://cloudfunctions.googleapis.com/v1/operations/c2VndXJpZGF0YS1pbi1hLWJveC91cy1jZW50cmFsMS9zY2hlZHVsZWRBbGVydC82ZW9WWjBoSVV4MA [none]
[debug] [2021-09-21T19:54:32.409Z] <<< [apiv2][status] GET https://cloudfunctions.googleapis.com/v1/operations/c2VndXJpZGF0YS1pbi1hLWJveC91cy1jZW50cmFsMS9zY2hlZHVsZWRBbGVydC82ZW9WWjBoSVV4MA 200
[debug] [2021-09-21T19:54:32.409Z] <<< [apiv2][body] GET https://cloudfunctions.googleapis.com/v1/operations/c2VndXJpZGF0YS1pbi1hLWJveC91cy1jZW50cmFsMS9zY2hlZHVsZWRBbGVydC82ZW9WWjBoSVV4MA {"name":"operations/c2VndXJpZGF0YS1pbi1hLWJveC91cy1jZW50cmFsMS9zY2hlZHVsZWRBbGVydC82ZW9WWjBoSVV4MA","metadata":{"@type":"type.googleapis.com/google.cloud.functions.v1.OperationMetadataV1","target":"projects/seguridata-in-a-box/locations/us-central1/functions/scheduledAlert","type":"UPDATE_FUNCTION","request":{"@type":"type.googleapis.com/google.cloud.functions.v1.CloudFunction","name":"projects/seguridata-in-a-box/locations/us-central1/functions/scheduledAlert","eventTrigger":{"eventType":"google.pubsub.topic.publish","resource":"projects/seguridata-in-a-box/topics/firebase-schedule-scheduledAlert-us-central1","service":"pubsub.googleapis.com"},"status":"ACTIVE","entryPoint":"scheduledAlert","timeout":"60s","availableMemoryMb":256,"serviceAccountEmail":"seguridata-in-a-box@appspot.gserviceaccount.com","updateTime":"2021-09-20T16:04:03.731Z","versionId":"3","labels":{"deployment-scheduled":"true","deployment-tool":"cli-firebase"},"sourceUploadUrl":"https://storage.googleapis.com/gcf-upload-us-central1-1448505b-95ce-48d9-8dd6-25e47d35c492/bf0dea97-a918-4824-8274-5843b2b487e4.zip?GoogleAccessId=service-1038660139301@gcf-admin-robot.iam.gserviceaccount.com&Expires=1632255868&Signature=CzHfVRRVd76ZiiuM9Ht6aPaTwOlSAOsSIRije9T6NtaSwjHXo4QTDPrehjwcKc5HNK9dl3Sz7cfvrDV9wfxQpW2bNtIqmxCjZF73IV2kZE4ebsYu0Q0TGCr3voGzwrAL1sR2dGD6YFWUjUQl8JEjNh8k4RWCTt8T3CHMDmYFhK7e9PKHG%2BTvcZZ1Mbd3MbxVtRltxLZIudaUNijglw%2FXaXphiGZNDrOuj90MRkgc2yiWORE1c6dCqvAda8yTxTAy4M05IUzYcE0CcDYEGyIum9SkKzFxDaEvGPxYxrsaJSyHTnIkEo5Pf19Rx%2FmvvXHJPhBYlZUCa93zAXO9JItY5A%3D%3D","environmentVariables":{"FIREBASE_CONFIG":"{\"projectId\":\"seguridata-in-a-box\",\"databaseURL\":\"https://seguridata-in-a-box-default-rtdb.firebaseio.com\",\"storageBucket\":\"seguridata-in-a-box.appspot.com\",\"locationId\":\"us-central\"}","GCLOUD_PROJECT":"seguridata-in-a-box"},"runtime":"nodejs10","ingressSettings":"ALLOW_ALL","buildId":"256a871d-35c1-4b57-a590-d166c4d20987","buildName":"projects/1038660139301/locations/us-central1/builds/256a871d-35c1-4b57-a590-d166c4d20987"},"versionId":"4","updateTime":"2021-09-21T19:54:30Z","buildId":"c53066cf-e019-437c-ad59-c2ee75567877","buildName":"projects/1038660139301/locations/us-central1/builds/c53066cf-e019-437c-ad59-c2ee75567877"}}
[debug] [2021-09-21T19:54:34.420Z] [update-projects/seguridata-in-a-box/locations/us-central1/functions/scheduledAlert] Retrying task index 0
[debug] [2021-09-21T19:54:34.421Z] >>> [apiv2][query] GET https://cloudfunctions.googleapis.com/v1/operations/c2VndXJpZGF0YS1pbi1hLWJveC91cy1jZW50cmFsMS9zY2hlZHVsZWRBbGVydC82ZW9WWjBoSVV4MA [none]
[debug] [2021-09-21T19:54:34.657Z] <<< [apiv2][status] GET https://cloudfunctions.googleapis.com/v1/operations/c2VndXJpZGF0YS1pbi1hLWJveC91cy1jZW50cmFsMS9zY2hlZHVsZWRBbGVydC82ZW9WWjBoSVV4MA 200
[debug] [2021-09-21T19:54:34.657Z] <<< [apiv2][body] GET https://cloudfunctions.googleapis.com/v1/operations/c2VndXJpZGF0YS1pbi1hLWJveC91cy1jZW50cmFsMS9zY2hlZHVsZWRBbGVydC82ZW9WWjBoSVV4MA {"name":"operations/c2VndXJpZGF0YS1pbi1hLWJveC91cy1jZW50cmFsMS9zY2hlZHVsZWRBbGVydC82ZW9WWjBoSVV4MA","metadata":{"@type":"type.googleapis.com/google.cloud.functions.v1.OperationMetadataV1","target":"projects/seguridata-in-a-box/locations/us-central1/functions/scheduledAlert","type":"UPDATE_FUNCTION","request":{"@type":"type.googleapis.com/google.cloud.functions.v1.CloudFunction","name":"projects/seguridata-in-a-box/locations/us-central1/functions/scheduledAlert","eventTrigger":{"eventType":"google.pubsub.topic.publish","resource":"projects/seguridata-in-a-box/topics/firebase-schedule-scheduledAlert-us-central1","service":"pubsub.googleapis.com"},"status":"ACTIVE","entryPoint":"scheduledAlert","timeout":"60s","availableMemoryMb":256,"serviceAccountEmail":"seguridata-in-a-box@appspot.gserviceaccount.com","updateTime":"2021-09-20T16:04:03.731Z","versionId":"3","labels":{"deployment-scheduled":"true","deployment-tool":"cli-firebase"},"sourceUploadUrl":"https://storage.googleapis.com/gcf-upload-us-central1-1448505b-95ce-48d9-8dd6-25e47d35c492/bf0dea97-a918-4824-8274-5843b2b487e4.zip?GoogleAccessId=service-1038660139301@gcf-admin-robot.iam.gserviceaccount.com&Expires=1632255868&Signature=CzHfVRRVd76ZiiuM9Ht6aPaTwOlSAOsSIRije9T6NtaSwjHXo4QTDPrehjwcKc5HNK9dl3Sz7cfvrDV9wfxQpW2bNtIqmxCjZF73IV2kZE4ebsYu0Q0TGCr3voGzwrAL1sR2dGD6YFWUjUQl8JEjNh8k4RWCTt8T3CHMDmYFhK7e9PKHG%2BTvcZZ1Mbd3MbxVtRltxLZIudaUNijglw%2FXaXphiGZNDrOuj90MRkgc2yiWORE1c6dCqvAda8yTxTAy4M05IUzYcE0CcDYEGyIum9SkKzFxDaEvGPxYxrsaJSyHTnIkEo5Pf19Rx%2FmvvXHJPhBYlZUCa93zAXO9JItY5A%3D%3D","environmentVariables":{"FIREBASE_CONFIG":"{\"projectId\":\"seguridata-in-a-box\",\"databaseURL\":\"https://seguridata-in-a-box-default-rtdb.firebaseio.com\",\"storageBucket\":\"seguridata-in-a-box.appspot.com\",\"locationId\":\"us-central\"}","GCLOUD_PROJECT":"seguridata-in-a-box"},"runtime":"nodejs10","ingressSettings":"ALLOW_ALL","buildId":"256a871d-35c1-4b57-a590-d166c4d20987","buildName":"projects/1038660139301/locations/us-central1/builds/256a871d-35c1-4b57-a590-d166c4d20987"},"versionId":"4","updateTime":"2021-09-21T19:54:30Z","buildId":"c53066cf-e019-437c-ad59-c2ee75567877","buildName":"projects/1038660139301/locations/us-central1/builds/c53066cf-e019-437c-ad59-c2ee75567877"}}
[debug] [2021-09-21T19:54:38.658Z] [update-projects/seguridata-in-a-box/locations/us-central1/functions/scheduledAlert] Retrying task index 0
[debug] [2021-09-21T19:54:38.658Z] >>> [apiv2][query] GET https://cloudfunctions.googleapis.com/v1/operations/c2VndXJpZGF0YS1pbi1hLWJveC91cy1jZW50cmFsMS9zY2hlZHVsZWRBbGVydC82ZW9WWjBoSVV4MA [none]
[debug] [2021-09-21T19:54:38.963Z] <<< [apiv2][status] GET https://cloudfunctions.googleapis.com/v1/operations/c2VndXJpZGF0YS1pbi1hLWJveC91cy1jZW50cmFsMS9zY2hlZHVsZWRBbGVydC82ZW9WWjBoSVV4MA 200
[debug] [2021-09-21T19:54:38.963Z] <<< [apiv2][body] GET https://cloudfunctions.googleapis.com/v1/operations/c2VndXJpZGF0YS1pbi1hLWJveC91cy1jZW50cmFsMS9zY2hlZHVsZWRBbGVydC82ZW9WWjBoSVV4MA {"name":"operations/c2VndXJpZGF0YS1pbi1hLWJveC91cy1jZW50cmFsMS9zY2hlZHVsZWRBbGVydC82ZW9WWjBoSVV4MA","metadata":{"@type":"type.googleapis.com/google.cloud.functions.v1.OperationMetadataV1","target":"projects/seguridata-in-a-box/locations/us-central1/functions/scheduledAlert","type":"UPDATE_FUNCTION","request":{"@type":"type.googleapis.com/google.cloud.functions.v1.CloudFunction","name":"projects/seguridata-in-a-box/locations/us-central1/functions/scheduledAlert","eventTrigger":{"eventType":"google.pubsub.topic.publish","resource":"projects/seguridata-in-a-box/topics/firebase-schedule-scheduledAlert-us-central1","service":"pubsub.googleapis.com"},"status":"ACTIVE","entryPoint":"scheduledAlert","timeout":"60s","availableMemoryMb":256,"serviceAccountEmail":"seguridata-in-a-box@appspot.gserviceaccount.com","updateTime":"2021-09-20T16:04:03.731Z","versionId":"3","labels":{"deployment-scheduled":"true","deployment-tool":"cli-firebase"},"sourceUploadUrl":"https://storage.googleapis.com/gcf-upload-us-central1-1448505b-95ce-48d9-8dd6-25e47d35c492/bf0dea97-a918-4824-8274-5843b2b487e4.zip?GoogleAccessId=service-1038660139301@gcf-admin-robot.iam.gserviceaccount.com&Expires=1632255868&Signature=CzHfVRRVd76ZiiuM9Ht6aPaTwOlSAOsSIRije9T6NtaSwjHXo4QTDPrehjwcKc5HNK9dl3Sz7cfvrDV9wfxQpW2bNtIqmxCjZF73IV2kZE4ebsYu0Q0TGCr3voGzwrAL1sR2dGD6YFWUjUQl8JEjNh8k4RWCTt8T3CHMDmYFhK7e9PKHG%2BTvcZZ1Mbd3MbxVtRltxLZIudaUNijglw%2FXaXphiGZNDrOuj90MRkgc2yiWORE1c6dCqvAda8yTxTAy4M05IUzYcE0CcDYEGyIum9SkKzFxDaEvGPxYxrsaJSyHTnIkEo5Pf19Rx%2FmvvXHJPhBYlZUCa93zAXO9JItY5A%3D%3D","environmentVariables":{"FIREBASE_CONFIG":"{\"projectId\":\"seguridata-in-a-box\",\"databaseURL\":\"https://seguridata-in-a-box-default-rtdb.firebaseio.com\",\"storageBucket\":\"seguridata-in-a-box.appspot.com\",\"locationId\":\"us-central\"}","GCLOUD_PROJECT":"seguridata-in-a-box"},"runtime":"nodejs10","ingressSettings":"ALLOW_ALL","buildId":"256a871d-35c1-4b57-a590-d166c4d20987","buildName":"projects/1038660139301/locations/us-central1/builds/256a871d-35c1-4b57-a590-d166c4d20987"},"versionId":"4","updateTime":"2021-09-21T19:54:30Z","buildId":"c53066cf-e019-437c-ad59-c2ee75567877","buildName":"projects/1038660139301/locations/us-central1/builds/c53066cf-e019-437c-ad59-c2ee75567877"}}
[debug] [2021-09-21T19:54:46.978Z] [update-projects/seguridata-in-a-box/locations/us-central1/functions/scheduledAlert] Retrying task index 0
[debug] [2021-09-21T19:54:46.978Z] >>> [apiv2][query] GET https://cloudfunctions.googleapis.com/v1/operations/c2VndXJpZGF0YS1pbi1hLWJveC91cy1jZW50cmFsMS9zY2hlZHVsZWRBbGVydC82ZW9WWjBoSVV4MA [none]
[debug] [2021-09-21T19:54:47.273Z] <<< [apiv2][status] GET https://cloudfunctions.googleapis.com/v1/operations/c2VndXJpZGF0YS1pbi1hLWJveC91cy1jZW50cmFsMS9zY2hlZHVsZWRBbGVydC82ZW9WWjBoSVV4MA 200
[debug] [2021-09-21T19:54:47.273Z] <<< [apiv2][body] GET https://cloudfunctions.googleapis.com/v1/operations/c2VndXJpZGF0YS1pbi1hLWJveC91cy1jZW50cmFsMS9zY2hlZHVsZWRBbGVydC82ZW9WWjBoSVV4MA {"name":"operations/c2VndXJpZGF0YS1pbi1hLWJveC91cy1jZW50cmFsMS9zY2hlZHVsZWRBbGVydC82ZW9WWjBoSVV4MA","metadata":{"@type":"type.googleapis.com/google.cloud.functions.v1.OperationMetadataV1","target":"projects/seguridata-in-a-box/locations/us-central1/functions/scheduledAlert","type":"UPDATE_FUNCTION","request":{"@type":"type.googleapis.com/google.cloud.functions.v1.CloudFunction","name":"projects/seguridata-in-a-box/locations/us-central1/functions/scheduledAlert","eventTrigger":{"eventType":"google.pubsub.topic.publish","resource":"projects/seguridata-in-a-box/topics/firebase-schedule-scheduledAlert-us-central1","service":"pubsub.googleapis.com"},"status":"ACTIVE","entryPoint":"scheduledAlert","timeout":"60s","availableMemoryMb":256,"serviceAccountEmail":"seguridata-in-a-box@appspot.gserviceaccount.com","updateTime":"2021-09-20T16:04:03.731Z","versionId":"3","labels":{"deployment-scheduled":"true","deployment-tool":"cli-firebase"},"sourceUploadUrl":"https://storage.googleapis.com/gcf-upload-us-central1-1448505b-95ce-48d9-8dd6-25e47d35c492/bf0dea97-a918-4824-8274-5843b2b487e4.zip?GoogleAccessId=service-1038660139301@gcf-admin-robot.iam.gserviceaccount.com&Expires=1632255868&Signature=CzHfVRRVd76ZiiuM9Ht6aPaTwOlSAOsSIRije9T6NtaSwjHXo4QTDPrehjwcKc5HNK9dl3Sz7cfvrDV9wfxQpW2bNtIqmxCjZF73IV2kZE4ebsYu0Q0TGCr3voGzwrAL1sR2dGD6YFWUjUQl8JEjNh8k4RWCTt8T3CHMDmYFhK7e9PKHG%2BTvcZZ1Mbd3MbxVtRltxLZIudaUNijglw%2FXaXphiGZNDrOuj90MRkgc2yiWORE1c6dCqvAda8yTxTAy4M05IUzYcE0CcDYEGyIum9SkKzFxDaEvGPxYxrsaJSyHTnIkEo5Pf19Rx%2FmvvXHJPhBYlZUCa93zAXO9JItY5A%3D%3D","environmentVariables":{"FIREBASE_CONFIG":"{\"projectId\":\"seguridata-in-a-box\",\"databaseURL\":\"https://seguridata-in-a-box-default-rtdb.firebaseio.com\",\"storageBucket\":\"seguridata-in-a-box.appspot.com\",\"locationId\":\"us-central\"}","GCLOUD_PROJECT":"seguridata-in-a-box"},"runtime":"nodejs10","ingressSettings":"ALLOW_ALL","buildId":"256a871d-35c1-4b57-a590-d166c4d20987","buildName":"projects/1038660139301/locations/us-central1/builds/256a871d-35c1-4b57-a590-d166c4d20987"},"versionId":"4","updateTime":"2021-09-21T19:54:30Z","buildId":"c53066cf-e019-437c-ad59-c2ee75567877","buildName":"projects/1038660139301/locations/us-central1/builds/c53066cf-e019-437c-ad59-c2ee75567877"}}
[debug] [2021-09-21T19:55:03.288Z] [update-projects/seguridata-in-a-box/locations/us-central1/functions/scheduledAlert] Retrying task index 0
[debug] [2021-09-21T19:55:03.288Z] >>> [apiv2][query] GET https://cloudfunctions.googleapis.com/v1/operations/c2VndXJpZGF0YS1pbi1hLWJveC91cy1jZW50cmFsMS9zY2hlZHVsZWRBbGVydC82ZW9WWjBoSVV4MA [none]
[debug] [2021-09-21T19:55:03.524Z] <<< [apiv2][status] GET https://cloudfunctions.googleapis.com/v1/operations/c2VndXJpZGF0YS1pbi1hLWJveC91cy1jZW50cmFsMS9zY2hlZHVsZWRBbGVydC82ZW9WWjBoSVV4MA 200
[debug] [2021-09-21T19:55:03.524Z] <<< [apiv2][body] GET https://cloudfunctions.googleapis.com/v1/operations/c2VndXJpZGF0YS1pbi1hLWJveC91cy1jZW50cmFsMS9zY2hlZHVsZWRBbGVydC82ZW9WWjBoSVV4MA {"name":"operations/c2VndXJpZGF0YS1pbi1hLWJveC91cy1jZW50cmFsMS9zY2hlZHVsZWRBbGVydC82ZW9WWjBoSVV4MA","metadata":{"@type":"type.googleapis.com/google.cloud.functions.v1.OperationMetadataV1","target":"projects/seguridata-in-a-box/locations/us-central1/functions/scheduledAlert","type":"UPDATE_FUNCTION","request":{"@type":"type.googleapis.com/google.cloud.functions.v1.CloudFunction","name":"projects/seguridata-in-a-box/locations/us-central1/functions/scheduledAlert","eventTrigger":{"eventType":"google.pubsub.topic.publish","resource":"projects/seguridata-in-a-box/topics/firebase-schedule-scheduledAlert-us-central1","service":"pubsub.googleapis.com"},"status":"ACTIVE","entryPoint":"scheduledAlert","timeout":"60s","availableMemoryMb":256,"serviceAccountEmail":"seguridata-in-a-box@appspot.gserviceaccount.com","updateTime":"2021-09-20T16:04:03.731Z","versionId":"3","labels":{"deployment-scheduled":"true","deployment-tool":"cli-firebase"},"sourceUploadUrl":"https://storage.googleapis.com/gcf-upload-us-central1-1448505b-95ce-48d9-8dd6-25e47d35c492/bf0dea97-a918-4824-8274-5843b2b487e4.zip?GoogleAccessId=service-1038660139301@gcf-admin-robot.iam.gserviceaccount.com&Expires=1632255868&Signature=CzHfVRRVd76ZiiuM9Ht6aPaTwOlSAOsSIRije9T6NtaSwjHXo4QTDPrehjwcKc5HNK9dl3Sz7cfvrDV9wfxQpW2bNtIqmxCjZF73IV2kZE4ebsYu0Q0TGCr3voGzwrAL1sR2dGD6YFWUjUQl8JEjNh8k4RWCTt8T3CHMDmYFhK7e9PKHG%2BTvcZZ1Mbd3MbxVtRltxLZIudaUNijglw%2FXaXphiGZNDrOuj90MRkgc2yiWORE1c6dCqvAda8yTxTAy4M05IUzYcE0CcDYEGyIum9SkKzFxDaEvGPxYxrsaJSyHTnIkEo5Pf19Rx%2FmvvXHJPhBYlZUCa93zAXO9JItY5A%3D%3D","environmentVariables":{"FIREBASE_CONFIG":"{\"projectId\":\"seguridata-in-a-box\",\"databaseURL\":\"https://seguridata-in-a-box-default-rtdb.firebaseio.com\",\"storageBucket\":\"seguridata-in-a-box.appspot.com\",\"locationId\":\"us-central\"}","GCLOUD_PROJECT":"seguridata-in-a-box"},"runtime":"nodejs10","ingressSettings":"ALLOW_ALL","buildId":"256a871d-35c1-4b57-a590-d166c4d20987","buildName":"projects/1038660139301/locations/us-central1/builds/256a871d-35c1-4b57-a590-d166c4d20987"},"versionId":"4","updateTime":"2021-09-21T19:54:30Z","buildId":"c53066cf-e019-437c-ad59-c2ee75567877","buildName":"projects/1038660139301/locations/us-central1/builds/c53066cf-e019-437c-ad59-c2ee75567877"}}
[debug] [2021-09-21T19:55:35.537Z] [update-projects/seguridata-in-a-box/locations/us-central1/functions/scheduledAlert] Retrying task index 0
[debug] [2021-09-21T19:55:35.537Z] >>> [apiv2][query] GET https://cloudfunctions.googleapis.com/v1/operations/c2VndXJpZGF0YS1pbi1hLWJveC91cy1jZW50cmFsMS9zY2hlZHVsZWRBbGVydC82ZW9WWjBoSVV4MA [none]
[debug] [2021-09-21T19:55:35.781Z] <<< [apiv2][status] GET https://cloudfunctions.googleapis.com/v1/operations/c2VndXJpZGF0YS1pbi1hLWJveC91cy1jZW50cmFsMS9zY2hlZHVsZWRBbGVydC82ZW9WWjBoSVV4MA 200
[debug] [2021-09-21T19:55:35.781Z] <<< [apiv2][body] GET https://cloudfunctions.googleapis.com/v1/operations/c2VndXJpZGF0YS1pbi1hLWJveC91cy1jZW50cmFsMS9zY2hlZHVsZWRBbGVydC82ZW9WWjBoSVV4MA {"name":"operations/c2VndXJpZGF0YS1pbi1hLWJveC91cy1jZW50cmFsMS9zY2hlZHVsZWRBbGVydC82ZW9WWjBoSVV4MA","metadata":{"@type":"type.googleapis.com/google.cloud.functions.v1.OperationMetadataV1","target":"projects/seguridata-in-a-box/locations/us-central1/functions/scheduledAlert","type":"UPDATE_FUNCTION","request":{"@type":"type.googleapis.com/google.cloud.functions.v1.CloudFunction","name":"projects/seguridata-in-a-box/locations/us-central1/functions/scheduledAlert","eventTrigger":{"eventType":"google.pubsub.topic.publish","resource":"projects/seguridata-in-a-box/topics/firebase-schedule-scheduledAlert-us-central1","service":"pubsub.googleapis.com"},"status":"ACTIVE","entryPoint":"scheduledAlert","timeout":"60s","availableMemoryMb":256,"serviceAccountEmail":"seguridata-in-a-box@appspot.gserviceaccount.com","updateTime":"2021-09-20T16:04:03.731Z","versionId":"3","labels":{"deployment-scheduled":"true","deployment-tool":"cli-firebase"},"sourceUploadUrl":"https://storage.googleapis.com/gcf-upload-us-central1-1448505b-95ce-48d9-8dd6-25e47d35c492/bf0dea97-a918-4824-8274-5843b2b487e4.zip?GoogleAccessId=service-1038660139301@gcf-admin-robot.iam.gserviceaccount.com&Expires=1632255868&Signature=CzHfVRRVd76ZiiuM9Ht6aPaTwOlSAOsSIRije9T6NtaSwjHXo4QTDPrehjwcKc5HNK9dl3Sz7cfvrDV9wfxQpW2bNtIqmxCjZF73IV2kZE4ebsYu0Q0TGCr3voGzwrAL1sR2dGD6YFWUjUQl8JEjNh8k4RWCTt8T3CHMDmYFhK7e9PKHG%2BTvcZZ1Mbd3MbxVtRltxLZIudaUNijglw%2FXaXphiGZNDrOuj90MRkgc2yiWORE1c6dCqvAda8yTxTAy4M05IUzYcE0CcDYEGyIum9SkKzFxDaEvGPxYxrsaJSyHTnIkEo5Pf19Rx%2FmvvXHJPhBYlZUCa93zAXO9JItY5A%3D%3D","environmentVariables":{"FIREBASE_CONFIG":"{\"projectId\":\"seguridata-in-a-box\",\"databaseURL\":\"https://seguridata-in-a-box-default-rtdb.firebaseio.com\",\"storageBucket\":\"seguridata-in-a-box.appspot.com\",\"locationId\":\"us-central\"}","GCLOUD_PROJECT":"seguridata-in-a-box"},"runtime":"nodejs10","ingressSettings":"ALLOW_ALL","buildId":"256a871d-35c1-4b57-a590-d166c4d20987","buildName":"projects/1038660139301/locations/us-central1/builds/256a871d-35c1-4b57-a590-d166c4d20987"},"versionId":"4","updateTime":"2021-09-21T19:54:30Z","buildId":"c53066cf-e019-437c-ad59-c2ee75567877","sourceToken":"a10fdfe7-ba2d-48a6-8cb5-0a040a843ba6","buildName":"projects/1038660139301/locations/us-central1/builds/c53066cf-e019-437c-ad59-c2ee75567877"}}
[debug] [2021-09-21T19:55:35.782Z] Got sourceToken a10fdfe7-ba2d-48a6-8cb5-0a040a843ba6 for region us-central1
